<?xml version="1.0" encoding="UTF-8"?>
<testng-results ignored="0" total="1" passed="1" failed="0" skipped="0">
  <reporter-output>
  </reporter-output>
  <suite started-at="2025-10-02T19:31:20 IST" name="Default suite" finished-at="2025-10-02T19:31:30 IST" duration-ms="9526">
    <groups>
    </groups>
    <test started-at="2025-10-02T19:31:20 IST" name="Default test" finished-at="2025-10-02T19:31:30 IST" duration-ms="9526">
      <class name="tutorialsninja.register.TC_RF_001">
        <test-method signature="verifyRegisteringWithMandatoryFields()[pri:0, instance:tutorialsninja.register.TC_RF_001@9597028]" started-at="2025-10-02T19:31:21 IST" name="verifyRegisteringWithMandatoryFields" finished-at="2025-10-02T19:31:30 IST" duration-ms="9449" status="PASS">
          <reporter-output>
          </reporter-output>
        </test-method> <!-- verifyRegisteringWithMandatoryFields -->
      </class> <!-- tutorialsninja.register.TC_RF_001 -->
    </test> <!-- Default test -->
  </suite> <!-- Default suite -->
</testng-results>
