<?xml version="1.0" encoding="UTF-8"?>
<testng-results ignored="0" total="1" passed="1" failed="0" skipped="0">
  <reporter-output>
  </reporter-output>
  <suite started-at="2025-10-05T22:49:57 IST" name="Default suite" finished-at="2025-10-05T22:50:03 IST" duration-ms="6372">
    <groups>
    </groups>
    <test started-at="2025-10-05T22:49:57 IST" name="Default test" finished-at="2025-10-05T22:50:03 IST" duration-ms="6372">
      <class name="tutorialsninja.register.TC_RF_004">
        <test-method signature="verifyRegisteringAccountWithoutFillingFields()[pri:0, instance:tutorialsninja.register.TC_RF_004@77fbd92c]" started-at="2025-10-05T22:49:57 IST" name="verifyRegisteringAccountWithoutFillingFields" finished-at="2025-10-05T22:50:03 IST" duration-ms="6315" status="PASS">
          <reporter-output>
          </reporter-output>
        </test-method> <!-- verifyRegisteringAccountWithoutFillingFields -->
      </class> <!-- tutorialsninja.register.TC_RF_004 -->
    </test> <!-- Default test -->
  </suite> <!-- Default suite -->
</testng-results>
